#-----------------------------------------------------------
# Vivado v2019.2 (64-bit)
# SW Build 2708876 on Wed Nov  6 21:40:23 MST 2019
# IP Build 2700528 on Thu Nov  7 00:09:20 MST 2019
# Start of session at: Mon Nov  4 09:47:45 2024
# Process ID: 10584
# Current directory: C:/Users/REVAN/Documents/Kuliah/Semester 3/Praktikum elektronika 2/MOD with VHDL/zebracrosssevensegment_version9
# Command line: vivado.exe -gui_launcher_event rodinguilauncherevent14584 C:\Users\REVAN\Documents\Kuliah\Semester 3\Praktikum elektronika 2\MOD with VHDL\zebracrosssevensegment_version9\zebracrosssevensegment_version9.xpr
# Log file: C:/Users/REVAN/Documents/Kuliah/Semester 3/Praktikum elektronika 2/MOD with VHDL/zebracrosssevensegment_version9/vivado.log
# Journal file: C:/Users/REVAN/Documents/Kuliah/Semester 3/Praktikum elektronika 2/MOD with VHDL/zebracrosssevensegment_version9\vivado.jou
#-----------------------------------------------------------
start_guioopen_project {C:/Users/REVAN/Documents/Kuliah/Semester 3/Praktikum elektronika 2/MOD with VHDL/zebracrosssevensegment_version9/zebracrosssevensegment_version9.xpr}
INFO: [ProjectBase 1-489] The host OS only allows 260 characters in a normal path. The project is stored in a path with more than 80 characters. If you experience issues with IP, Block Designs, or files not being found, please consider moving the project to a location with a shorter path. Alternately consider using the OS subst command to map part of the path to a drive letter.
Current project path is 'C:/Users/REVAN/Documents/Kuliah/Semester 3/Praktikum elektronika 2/MOD with VHDL/zebracrosssevensegment_version9'
Scanning sources...
Finished scanning sources
INFO: [IP_Flow 19-234] Refreshing IP repositories
INFO: [IP_Flow 19-1704] No user IP repositories specified
INFO: [IP_Flow 19-2313] Loaded Vivado IP repository 'C:/Xilinx/Vivado/2019.2/data/ip'.
open_project: Time (s): cpu = 00:00:22 ; elapsed = 00:00:16 . Memory (MB): peak = 686.492 ; gain = 87.785
update_compile_order -fileset sources_1exit
INFO: [Common 17-206] Exiting Vivado at Mon Nov  4 09:50:23 2024...

